<?xml version="1.0" encoding="UTF-8" standalone="no"?>
<testsuite errors="0" failures="1" name="io.cucumber.core.plugin.JUnitFormatter" skipped="0" tests="5" time="3.796">
    <testcase classname="can divide and multiply correctly?" name="Can calculator multiply numbers correctly?" time="0.128">
        <system-out><![CDATA[Given a new calculator......................................................passed
When 10 is divided by 2.....................................................passed
Then the answer should be 5.................................................passed
]]></system-out>
    </testcase>
    <testcase classname="can divide and multiply correctly?" name="can divide numbers correctly?" time="0.006">
        <system-out><![CDATA[Given a new calculator......................................................passed
When 5 is multiplied by 2...................................................passed
Then the answer should be 10................................................passed
]]></system-out>
    </testcase>
    <testcase classname="Can calculate addition and subtraction correctly?" name="3 add 4 is 7" time="0.022">
        <system-out><![CDATA[Given a calculator..........................................................passed
When 3 and 4 are added......................................................passed
Then the result should be 7.................................................passed
]]></system-out>
    </testcase>
    <testcase classname="Can calculate addition and subtraction correctly?" name="4 subtract 3 is 1" time="0.005">
        <system-out><![CDATA[Given a calculator..........................................................passed
When 3 is subtracted from 4.................................................passed
Then the result should be 1.................................................passed
]]></system-out>
    </testcase>
    <testcase classname="Navigate to a page on google." name="Go to google" time="3.125">
        <failure message="Cannot invoke &quot;pages.HomePage.search(String)&quot; because &quot;this.page&quot; is null" type="java.lang.NullPointerException"><![CDATA[Given navigate to google....................................................passed
When enter search query.....................................................failed
Then return web element for confirmation....................................skipped

StackTrace:
java.lang.NullPointerException: Cannot invoke "pages.HomePage.search(String)" because "this.page" is null
	at com.qa.examples.cucumber_base.step_definitions.SearchPage.enterSearchQuery(SearchPage.java:37)
	at âœ½.enter search query(classpath:features/navigate-and-search-for-a-page-on-google.feature:6)
]]></failure>
    </testcase>
</testsuite>
